# JRE version: OpenJDK Runtime Environment Temurin-21.0.8+9 (21.0.8+9) (build 21.0.8+9-LTS)
# Java VM: OpenJDK 64-Bit Server VM Temurin-21.0.8+9 (21.0.8+9-LTS, mixed mode, sharing, tiered, compressed oops, compressed class ptrs, parallel gc, windows-amd64)
GC Precious Log:
 CardTable entry size: 512
 CPUs: 8 total, 8 available
 Memory: 20389M
 Large Page Support: Disabled
 NUMA Support: Disabled
 Compressed Oops: Enabled (32-bit)
 Alignments: Space 512K, Generation 512K, Heap 2M
 Heap Min Capacity: 100M
 Heap Initial Capacity: 100M
 Heap Max Capacity: 2G
 Pre-touch: Disabled
 Parallel Workers: 8
Heap:
 PSYoungGen      total 8704K, used 6058K [0x00000000d5580000, 0x00000000d6000000, 0x0000000100000000)
  eden space 8192K, 70% used [0x00000000d5580000,0x00000000d5b2c550,0x00000000d5d80000)
  from space 512K, 48% used [0x00000000d5f80000,0x00000000d5fbe470,0x00000000d6000000)
  to   space 512K, 0% used [0x00000000d5f00000,0x00000000d5f00000,0x00000000d5f80000)
 ParOldGen       total 68608K, used 62455K [0x0000000080000000, 0x0000000084300000, 0x00000000d5580000)
  object space 68608K, 91% used [0x0000000080000000,0x0000000083cfdea0,0x0000000084300000)
 Metaspace       used 63290K, committed 64704K, reserved 1114112K
  class space    used 7462K, committed 8064K, reserved 1048576K
GC Heap History (20 events):
Event: 156.566 GC heap before
{Heap before GC invocations=62 (full 3):
 PSYoungGen      total 9728K, used 9378K [0x00000000d5580000, 0x00000000d6380000, 0x0000000100000000)
  eden space 8192K, 100% used [0x00000000d5580000,0x00000000d5d80000,0x00000000d5d80000)
  from space 1536K, 77% used [0x00000000d6200000,0x00000000d6328800,0x00000000d6380000)
  to   space 1536K, 0% used [0x00000000d6080000,0x00000000d6080000,0x00000000d6200000)
 ParOldGen       total 68608K, used 54245K [0x0000000080000000, 0x0000000084300000, 0x00000000d5580000)
  object space 68608K, 79% used [0x0000000080000000,0x00000000834f9798,0x0000000084300000)
 Metaspace       used 61636K, committed 63040K, reserved 1114112K
  class space    used 7283K, committed 7936K, reserved 1048576K
}
Event: 156.570 GC heap after
{Heap after GC invocations=62 (full 3):
 PSYoungGen      total 9216K, used 864K [0x00000000d5580000, 0x00000000d6280000, 0x0000000100000000)
  eden space 8192K, 0% used [0x00000000d5580000,0x00000000d5580000,0x00000000d5d80000)
  from space 1024K, 84% used [0x00000000d6080000,0x00000000d6158000,0x00000000d6180000)
  to   space 1024K, 0% used [0x00000000d6180000,0x00000000d6180000,0x00000000d6280000)
 ParOldGen       total 68608K, used 55380K [0x0000000080000000, 0x0000000084300000, 0x00000000d5580000)
  object space 68608K, 80% used [0x0000000080000000,0x00000000836151c8,0x0000000084300000)
 Metaspace       used 61636K, committed 63040K, reserved 1114112K
  class space    used 7283K, committed 7936K, reserved 1048576K
}
Event: 156.717 GC heap before
{Heap before GC invocations=63 (full 3):
 PSYoungGen      total 9216K, used 9056K [0x00000000d5580000, 0x00000000d6280000, 0x0000000100000000)
  eden space 8192K, 100% used [0x00000000d5580000,0x00000000d5d80000,0x00000000d5d80000)
  from space 1024K, 84% used [0x00000000d6080000,0x00000000d6158000,0x00000000d6180000)
  to   space 1024K, 0% used [0x00000000d6180000,0x00000000d6180000,0x00000000d6280000)
 ParOldGen       total 68608K, used 55380K [0x0000000080000000, 0x0000000084300000, 0x00000000d5580000)
  object space 68608K, 80% used [0x0000000080000000,0x00000000836151c8,0x0000000084300000)
 Metaspace       used 61638K, committed 63040K, reserved 1114112K
  class space    used 7283K, committed 7936K, reserved 1048576K
}
Event: 156.721 GC heap after
{Heap after GC invocations=63 (full 3):
 PSYoungGen      total 9216K, used 996K [0x00000000d5580000, 0x00000000d6280000, 0x0000000100000000)
  eden space 8192K, 0% used [0x00000000d5580000,0x00000000d5580000,0x00000000d5d80000)
  from space 1024K, 97% used [0x00000000d6180000,0x00000000d6279000,0x00000000d6280000)
  to   space 2048K, 0% used [0x00000000d5e80000,0x00000000d5e80000,0x00000000d6080000)
 ParOldGen       total 68608K, used 56188K [0x0000000080000000, 0x0000000084300000, 0x00000000d5580000)
  object space 68608K, 81% used [0x0000000080000000,0x00000000836df1c8,0x0000000084300000)
 Metaspace       used 61638K, committed 63040K, reserved 1114112K
  class space    used 7283K, committed 7936K, reserved 1048576K
}
Event: 156.808 GC heap before
{Heap before GC invocations=64 (full 3):
 PSYoungGen      total 9216K, used 9188K [0x00000000d5580000, 0x00000000d6280000, 0x0000000100000000)
  eden space 8192K, 100% used [0x00000000d5580000,0x00000000d5d80000,0x00000000d5d80000)
  from space 1024K, 97% used [0x00000000d6180000,0x00000000d6279000,0x00000000d6280000)
  to   space 2048K, 0% used [0x00000000d5e80000,0x00000000d5e80000,0x00000000d6080000)
 ParOldGen       total 68608K, used 56188K [0x0000000080000000, 0x0000000084300000, 0x00000000d5580000)
  object space 68608K, 81% used [0x0000000080000000,0x00000000836df1c8,0x0000000084300000)
 Metaspace       used 61639K, committed 63040K, reserved 1114112K
  class space    used 7283K, committed 7936K, reserved 1048576K
}
Event: 156.812 GC heap after
{Heap after GC invocations=64 (full 3):
 PSYoungGen      total 10240K, used 1024K [0x00000000d5580000, 0x00000000d6200000, 0x0000000100000000)
  eden space 8192K, 0% used [0x00000000d5580000,0x00000000d5580000,0x00000000d5d80000)
  from space 2048K, 50% used [0x00000000d5e80000,0x00000000d5f80000,0x00000000d6080000)
  to   space 1536K, 0% used [0x00000000d6080000,0x00000000d6080000,0x00000000d6200000)
 ParOldGen       total 68608K, used 57180K [0x0000000080000000, 0x0000000084300000, 0x00000000d5580000)
  object space 68608K, 83% used [0x0000000080000000,0x00000000837d72c8,0x0000000084300000)
 Metaspace       used 61639K, committed 63040K, reserved 1114112K
  class space    used 7283K, committed 7936K, reserved 1048576K
}
Event: 156.958 GC heap before
{Heap before GC invocations=65 (full 3):
 PSYoungGen      total 10240K, used 9216K [0x00000000d5580000, 0x00000000d6200000, 0x0000000100000000)
  eden space 8192K, 100% used [0x00000000d5580000,0x00000000d5d80000,0x00000000d5d80000)
  from space 2048K, 50% used [0x00000000d5e80000,0x00000000d5f80000,0x00000000d6080000)
  to   space 1536K, 0% used [0x00000000d6080000,0x00000000d6080000,0x00000000d6200000)
 ParOldGen       total 68608K, used 57180K [0x0000000080000000, 0x0000000084300000, 0x00000000d5580000)
  object space 68608K, 83% used [0x0000000080000000,0x00000000837d72c8,0x0000000084300000)
 Metaspace       used 61647K, committed 63040K, reserved 1114112K
  class space    used 7283K, committed 7936K, reserved 1048576K
}
Event: 156.961 GC heap after
{Heap after GC invocations=65 (full 3):
 PSYoungGen      total 9216K, used 992K [0x00000000d5580000, 0x00000000d6180000, 0x0000000100000000)
  eden space 8192K, 0% used [0x00000000d5580000,0x00000000d5580000,0x00000000d5d80000)
  from space 1024K, 96% used [0x00000000d6080000,0x00000000d6178000,0x00000000d6180000)
  to   space 1536K, 0% used [0x00000000d5e80000,0x00000000d5e80000,0x00000000d6000000)
 ParOldGen       total 68608K, used 57980K [0x0000000080000000, 0x0000000084300000, 0x00000000d5580000)
  object space 68608K, 84% used [0x0000000080000000,0x000000008389f2c8,0x0000000084300000)
 Metaspace       used 61647K, committed 63040K, reserved 1114112K
  class space    used 7283K, committed 7936K, reserved 1048576K
}
Event: 157.093 GC heap before
{Heap before GC invocations=66 (full 3):
 PSYoungGen      total 9216K, used 9184K [0x00000000d5580000, 0x00000000d6180000, 0x0000000100000000)
  eden space 8192K, 100% used [0x00000000d5580000,0x00000000d5d80000,0x00000000d5d80000)
  from space 1024K, 96% used [0x00000000d6080000,0x00000000d6178000,0x00000000d6180000)
  to   space 1536K, 0% used [0x00000000d5e80000,0x00000000d5e80000,0x00000000d6000000)
 ParOldGen       total 68608K, used 57980K [0x0000000080000000, 0x0000000084300000, 0x00000000d5580000)
  object space 68608K, 84% used [0x0000000080000000,0x000000008389f2c8,0x0000000084300000)
 Metaspace       used 61661K, committed 63104K, reserved 1114112K
  class space    used 7283K, committed 7936K, reserved 1048576K
}
Event: 157.098 GC heap after
{Heap after GC invocations=66 (full 3):
 PSYoungGen      total 9728K, used 1120K [0x00000000d5580000, 0x00000000d6100000, 0x0000000100000000)
  eden space 8192K, 0% used [0x00000000d5580000,0x00000000d5580000,0x00000000d5d80000)
  from space 1536K, 72% used [0x00000000d5e80000,0x00000000d5f98010,0x00000000d6000000)
  to   space 1024K, 0% used [0x00000000d6000000,0x00000000d6000000,0x00000000d6100000)
 ParOldGen       total 68608K, used 58860K [0x0000000080000000, 0x0000000084300000, 0x00000000d5580000)
  object space 68608K, 85% used [0x0000000080000000,0x000000008397b2c8,0x0000000084300000)
 Metaspace       used 61661K, committed 63104K, reserved 1114112K
  class space    used 7283K, committed 7936K, reserved 1048576K
}
Event: 157.187 GC heap before
{Heap before GC invocations=67 (full 3):
 PSYoungGen      total 9728K, used 9312K [0x00000000d5580000, 0x00000000d6100000, 0x0000000100000000)
  eden space 8192K, 100% used [0x00000000d5580000,0x00000000d5d80000,0x00000000d5d80000)
  from space 1536K, 72% used [0x00000000d5e80000,0x00000000d5f98010,0x00000000d6000000)
  to   space 1024K, 0% used [0x00000000d6000000,0x00000000d6000000,0x00000000d6100000)
 ParOldGen       total 68608K, used 58860K [0x0000000080000000, 0x0000000084300000, 0x00000000d5580000)
  object space 68608K, 85% used [0x0000000080000000,0x000000008397b2c8,0x0000000084300000)
 Metaspace       used 61673K, committed 63104K, reserved 1114112K
  class space    used 7283K, committed 7936K, reserved 1048576K
}
Event: 157.190 GC heap after
{Heap after GC invocations=67 (full 3):
 PSYoungGen      total 9216K, used 896K [0x00000000d5580000, 0x00000000d6100000, 0x0000000100000000)
  eden space 8192K, 0% used [0x00000000d5580000,0x00000000d5580000,0x00000000d5d80000)
  from space 1024K, 87% used [0x00000000d6000000,0x00000000d60e0000,0x00000000d6100000)
  to   space 1024K, 0% used [0x00000000d5f00000,0x00000000d5f00000,0x00000000d6000000)
 ParOldGen       total 68608K, used 59868K [0x0000000080000000, 0x0000000084300000, 0x00000000d5580000)
  object space 68608K, 87% used [0x0000000080000000,0x0000000083a772d8,0x0000000084300000)
 Metaspace       used 61673K, committed 63104K, reserved 1114112K
  class space    used 7283K, committed 7936K, reserved 1048576K
}
Event: 157.309 GC heap before
{Heap before GC invocations=68 (full 3):
 PSYoungGen      total 9216K, used 9088K [0x00000000d5580000, 0x00000000d6100000, 0x0000000100000000)
  eden space 8192K, 100% used [0x00000000d5580000,0x00000000d5d80000,0x00000000d5d80000)
  from space 1024K, 87% used [0x00000000d6000000,0x00000000d60e0000,0x00000000d6100000)
  to   space 1024K, 0% used [0x00000000d5f00000,0x00000000d5f00000,0x00000000d6000000)
 ParOldGen       total 68608K, used 59868K [0x0000000080000000, 0x0000000084300000, 0x00000000d5580000)
  object space 68608K, 87% used [0x0000000080000000,0x0000000083a772d8,0x0000000084300000)
 Metaspace       used 61685K, committed 63104K, reserved 1114112K
  class space    used 7283K, committed 7936K, reserved 1048576K
}
Event: 157.313 GC heap after
{Heap after GC invocations=68 (full 3):
 PSYoungGen      total 9216K, used 864K [0x00000000d5580000, 0x00000000d6080000, 0x0000000100000000)
  eden space 8192K, 0% used [0x00000000d5580000,0x00000000d5580000,0x00000000d5d80000)
  from space 1024K, 84% used [0x00000000d5f00000,0x00000000d5fd8000,0x00000000d6000000)
  to   space 512K, 0% used [0x00000000d6000000,0x00000000d6000000,0x00000000d6080000)
 ParOldGen       total 68608K, used 60676K [0x0000000080000000, 0x0000000084300000, 0x00000000d5580000)
  object space 68608K, 88% used [0x0000000080000000,0x0000000083b412d8,0x0000000084300000)
 Metaspace       used 61685K, committed 63104K, reserved 1114112K
  class space    used 7283K, committed 7936K, reserved 1048576K
}
Event: 157.510 GC heap before
{Heap before GC invocations=69 (full 3):
 PSYoungGen      total 9216K, used 9056K [0x00000000d5580000, 0x00000000d6080000, 0x0000000100000000)
  eden space 8192K, 100% used [0x00000000d5580000,0x00000000d5d80000,0x00000000d5d80000)
  from space 1024K, 84% used [0x00000000d5f00000,0x00000000d5fd8000,0x00000000d6000000)
  to   space 512K, 0% used [0x00000000d6000000,0x00000000d6000000,0x00000000d6080000)
 ParOldGen       total 68608K, used 60676K [0x0000000080000000, 0x0000000084300000, 0x00000000d5580000)
  object space 68608K, 88% used [0x0000000080000000,0x0000000083b412d8,0x0000000084300000)
 Metaspace       used 61955K, committed 63360K, reserved 1114112K
  class space    used 7313K, committed 7936K, reserved 1048576K
}
Event: 157.512 GC heap after
{Heap after GC invocations=69 (full 3):
 PSYoungGen      total 8704K, used 480K [0x00000000d5580000, 0x00000000d6180000, 0x0000000100000000)
  eden space 8192K, 0% used [0x00000000d5580000,0x00000000d5580000,0x00000000d5d80000)
  from space 512K, 93% used [0x00000000d6000000,0x00000000d6078020,0x00000000d6080000)
  to   space 2048K, 0% used [0x00000000d5d80000,0x00000000d5d80000,0x00000000d5f80000)
 ParOldGen       total 68608K, used 61765K [0x0000000080000000, 0x0000000084300000, 0x00000000d5580000)
  object space 68608K, 90% used [0x0000000080000000,0x0000000083c514f8,0x0000000084300000)
 Metaspace       used 61955K, committed 63360K, reserved 1114112K
  class space    used 7313K, committed 7936K, reserved 1048576K
}
Event: 163.976 GC heap before
{Heap before GC invocations=70 (full 3):
 PSYoungGen      total 8704K, used 8672K [0x00000000d5580000, 0x00000000d6180000, 0x0000000100000000)
  eden space 8192K, 100% used [0x00000000d5580000,0x00000000d5d80000,0x00000000d5d80000)
  from space 512K, 93% used [0x00000000d6000000,0x00000000d6078020,0x00000000d6080000)
  to   space 2048K, 0% used [0x00000000d5d80000,0x00000000d5d80000,0x00000000d5f80000)
 ParOldGen       total 68608K, used 61765K [0x0000000080000000, 0x0000000084300000, 0x00000000d5580000)
  object space 68608K, 90% used [0x0000000080000000,0x0000000083c514f8,0x0000000084300000)
 Metaspace       used 62378K, committed 63744K, reserved 1114112K
  class space    used 7365K, committed 8000K, reserved 1048576K
}
Event: 163.979 GC heap after
{Heap after GC invocations=70 (full 3):
 PSYoungGen      total 10240K, used 256K [0x00000000d5580000, 0x00000000d6080000, 0x0000000100000000)
  eden space 8192K, 0% used [0x00000000d5580000,0x00000000d5580000,0x00000000d5d80000)
  from space 2048K, 12% used [0x00000000d5d80000,0x00000000d5dc0000,0x00000000d5f80000)
  to   space 1024K, 0% used [0x00000000d5f80000,0x00000000d5f80000,0x00000000d6080000)
 ParOldGen       total 68608K, used 62279K [0x0000000080000000, 0x0000000084300000, 0x00000000d5580000)
  object space 68608K, 90% used [0x0000000080000000,0x0000000083cd1cf0,0x0000000084300000)
 Metaspace       used 62378K, committed 63744K, reserved 1114112K
  class space    used 7365K, committed 8000K, reserved 1048576K
}
Event: 164.446 GC heap before
{Heap before GC invocations=71 (full 3):
 PSYoungGen      total 10240K, used 8448K [0x00000000d5580000, 0x00000000d6080000, 0x0000000100000000)
  eden space 8192K, 100% used [0x00000000d5580000,0x00000000d5d80000,0x00000000d5d80000)
  from space 2048K, 12% used [0x00000000d5d80000,0x00000000d5dc0000,0x00000000d5f80000)
  to   space 1024K, 0% used [0x00000000d5f80000,0x00000000d5f80000,0x00000000d6080000)
 ParOldGen       total 68608K, used 62279K [0x0000000080000000, 0x0000000084300000, 0x00000000d5580000)
  object space 68608K, 90% used [0x0000000080000000,0x0000000083cd1cf0,0x0000000084300000)
 Metaspace       used 62973K, committed 64384K, reserved 1114112K
  class space    used 7439K, committed 8064K, reserved 1048576K
}
Event: 164.449 GC heap after
{Heap after GC invocations=71 (full 3):
 PSYoungGen      total 8704K, used 249K [0x00000000d5580000, 0x00000000d6000000, 0x0000000100000000)
  eden space 8192K, 0% used [0x00000000d5580000,0x00000000d5580000,0x00000000d5d80000)
  from space 512K, 48% used [0x00000000d5f80000,0x00000000d5fbe470,0x00000000d6000000)
  to   space 512K, 0% used [0x00000000d5f00000,0x00000000d5f00000,0x00000000d5f80000)
 ParOldGen       total 68608K, used 62455K [0x0000000080000000, 0x0000000084300000, 0x00000000d5580000)
  object space 68608K, 91% used [0x0000000080000000,0x0000000083cfdea0,0x0000000084300000)
 Metaspace       used 62973K, committed 64384K, reserved 1114112K
  class space    used 7439K, committed 8064K, reserved 1048576K
}

